Using pre-set license
Built from '2022.3/staging' branch; Version is '2022.3.2f1 (d74737c6db50) revision 14108471'; Using compiler version '192829333'; Build Type 'Release'
OS: 'Windows 11  (10.0.22621) 64bit Core' Language: 'en' Physical Memory: 16239 MB
BatchMode: 1, IsHumanControllingUs: 0, StartBugReporterOnCrash: 0, Is64bit: 1, IsPro: 1

COMMAND LINE ARGUMENTS:
C:\Program Files\Unity\Hub\Editor\2022.3.2f1\Editor\Unity.exe
-adb2
-batchMode
-noUpm
-name
AssetImportWorker1
-projectPath
C:/Users/max79/Unity projects/Robot_Fighter_3D
-logFile
Logs/AssetImportWorker1.log
-srvPort
50014
Successfully changed project path to: C:/Users/max79/Unity projects/Robot_Fighter_3D
C:/Users/max79/Unity projects/Robot_Fighter_3D
[UnityMemory] Configuration Parameters - Can be set up in boot.config
    "memorysetup-bucket-allocator-granularity=16"
    "memorysetup-bucket-allocator-bucket-count=8"
    "memorysetup-bucket-allocator-block-size=33554432"
    "memorysetup-bucket-allocator-block-count=8"
    "memorysetup-main-allocator-block-size=16777216"
    "memorysetup-thread-allocator-block-size=16777216"
    "memorysetup-gfx-main-allocator-block-size=16777216"
    "memorysetup-gfx-thread-allocator-block-size=16777216"
    "memorysetup-cache-allocator-block-size=4194304"
    "memorysetup-typetree-allocator-block-size=2097152"
    "memorysetup-profiler-bucket-allocator-granularity=16"
    "memorysetup-profiler-bucket-allocator-bucket-count=8"
    "memorysetup-profiler-bucket-allocator-block-size=33554432"
    "memorysetup-profiler-bucket-allocator-block-count=8"
    "memorysetup-profiler-allocator-block-size=16777216"
    "memorysetup-profiler-editor-allocator-block-size=1048576"
    "memorysetup-temp-allocator-size-main=16777216"
    "memorysetup-job-temp-allocator-block-size=2097152"
    "memorysetup-job-temp-allocator-block-size-background=1048576"
    "memorysetup-job-temp-allocator-reduction-small-platforms=262144"
    "memorysetup-allocator-temp-initial-block-size-main=262144"
    "memorysetup-allocator-temp-initial-block-size-worker=262144"
    "memorysetup-temp-allocator-size-background-worker=32768"
    "memorysetup-temp-allocator-size-job-worker=262144"
    "memorysetup-temp-allocator-size-preload-manager=33554432"
    "memorysetup-temp-allocator-size-nav-mesh-worker=65536"
    "memorysetup-temp-allocator-size-audio-worker=65536"
    "memorysetup-temp-allocator-size-cloud-worker=32768"
    "memorysetup-temp-allocator-size-gi-baking-worker=262144"
    "memorysetup-temp-allocator-size-gfx=262144"
Player connection [11192] Host "[IP] 192.168.130.5 [Port] 0 [Flags] 2 [Guid] 2073704752 [EditorId] 2073704752 [Version] 1048832 [Id] WindowsEditor(7,admin) [Debug] 1 [PackageName] WindowsEditor [ProjectName] Editor" joined multi-casting on [225.0.0.222:54997]...

Player connection [11192] Host "[IP] 192.168.130.5 [Port] 0 [Flags] 2 [Guid] 2073704752 [EditorId] 2073704752 [Version] 1048832 [Id] WindowsEditor(7,admin) [Debug] 1 [PackageName] WindowsEditor [ProjectName] Editor" joined alternative multi-casting on [225.0.0.222:34997]...

Refreshing native plugins compatible for Editor in 4606.22 ms, found 5 plugins.
Preloading 0 native plugins for Editor in 0.00 ms.
Initialize engine version: 2022.3.2f1 (d74737c6db50)
[Subsystems] Discovering subsystems at path C:/Program Files/Unity/Hub/Editor/2022.3.2f1/Editor/Data/Resources/UnitySubsystems
[Subsystems] Discovering subsystems at path C:/Users/max79/Unity projects/Robot_Fighter_3D/Assets
GfxDevice: creating device client; threaded=0; jobified=0
Direct3D:
    Version:  Direct3D 11.0 [level 11.1]
    Renderer: NVIDIA GeForce GTX 1050 (ID=0x1c8d)
    Vendor:   NVIDIA
    VRAM:     4020 MB
    Driver:   31.0.15.3667
Initialize mono
Mono path[0] = 'C:/Program Files/Unity/Hub/Editor/2022.3.2f1/Editor/Data/Managed'
Mono path[1] = 'C:/Program Files/Unity/Hub/Editor/2022.3.2f1/Editor/Data/MonoBleedingEdge/lib/mono/unityjit-win32'
Mono config path = 'C:/Program Files/Unity/Hub/Editor/2022.3.2f1/Editor/Data/MonoBleedingEdge/etc'
Using monoOptions --debugger-agent=transport=dt_socket,embedding=1,server=y,suspend=n,address=127.0.0.1:56844
Begin MonoManager ReloadAssembly
Registering precompiled unity dll's ...
Register platform support module: C:/Program Files/Unity/Hub/Editor/2022.3.2f1/Editor/Data/PlaybackEngines/WebGLSupport/UnityEditor.WebGL.Extensions.dll
Register platform support module: C:/Program Files/Unity/Hub/Editor/2022.3.2f1/Editor/Data/PlaybackEngines/MacStandaloneSupport/UnityEditor.OSXStandalone.Extensions.dll
Register platform support module: C:/Program Files/Unity/Hub/Editor/2022.3.2f1/Editor/Data/PlaybackEngines/AndroidPlayer/UnityEditor.Android.Extensions.dll
Register platform support module: C:/Program Files/Unity/Hub/Editor/2022.3.2f1/Editor/Data/PlaybackEngines/iOSSupport/UnityEditor.iOS.Extensions.dll
Register platform support module: C:/Program Files/Unity/Hub/Editor/2022.3.2f1/Editor/Data/PlaybackEngines/AppleTVSupport/UnityEditor.AppleTV.Extensions.dll
Register platform support module: C:/Program Files/Unity/Hub/Editor/2022.3.2f1/Editor/Data/PlaybackEngines/WindowsStandaloneSupport/UnityEditor.WindowsStandalone.Extensions.dll
Register platform support module: C:/Program Files/Unity/Hub/Editor/2022.3.2f1/Editor/Data/PlaybackEngines/MetroSupport/UnityEditor.UWP.Extensions.dll
Registered in 1.015717 seconds.
- Loaded All Assemblies, in  7.751 seconds
Native extension for UWP target not found
Native extension for WindowsStandalone target not found
[usbmuxd] Start listen thread
[usbmuxd] Listen thread started
Native extension for AppleTV target not found
[usbmuxd] Start listen thread
[usbmuxd] Listen thread started
Native extension for iOS target not found
Native extension for Android target not found
Android Extension - Scanning For ADB Devices 460 ms
Native extension for OSXStandalone target not found
Native extension for WebGL target not found
Mono: successfully reloaded assembly
- Finished resetting the current domain, in  1.562 seconds
Domain Reload Profiling: 9311ms
	BeginReloadAssembly (5951ms)
		ExecutionOrderSort (0ms)
		DisableScriptedObjects (0ms)
		BackupInstance (0ms)
		ReleaseScriptingObjects (0ms)
		CreateAndSetChildDomain (1ms)
	RebuildCommonClasses (124ms)
	RebuildNativeTypeToScriptingClass (52ms)
	initialDomainReloadingComplete (1127ms)
	LoadAllAssembliesAndSetupDomain (494ms)
		LoadAssemblies (5949ms)
		RebuildTransferFunctionScriptingTraits (0ms)
		AnalyzeDomain (481ms)
			TypeCache.Refresh (480ms)
				TypeCache.ScanAssembly (460ms)
			ScanForSourceGeneratedMonoScriptInfo (0ms)
			ResolveRequiredComponents (1ms)
	FinalizeReload (1563ms)
		ReleaseScriptCaches (0ms)
		RebuildScriptCaches (0ms)
		SetupLoadedEditorAssemblies (1441ms)
			LogAssemblyErrors (0ms)
			InitializePlatformSupportModulesInManaged (1164ms)
			SetLoadedEditorAssemblies (7ms)
			RefreshPlugins (0ms)
			BeforeProcessingInitializeOnLoad (4ms)
			ProcessInitializeOnLoadAttributes (177ms)
			ProcessInitializeOnLoadMethodAttributes (89ms)
			AfterProcessingInitializeOnLoad (0ms)
			EditorAssembliesLoaded (0ms)
		ExecutionOrderSort2 (0ms)
		AwakeInstancesAfterBackupRestoration (0ms)
========================================================================
Worker process is ready to serve import requests
Begin MonoManager ReloadAssembly
Symbol file LoadedFromMemory doesn't match image C:\Users\max79\Unity projects\Robot_Fighter_3D\Library\PackageCache\com.unity.visualscripting@1.8.0\Editor\VisualScripting.Core\Dependencies\YamlDotNet\Unity.VisualScripting.YamlDotNet.dll
Symbol file LoadedFromMemory is not a mono symbol file
Symbol file LoadedFromMemory is not a mono symbol file
Symbol file LoadedFromMemory is not a mono symbol file
Symbol file LoadedFromMemory doesn't match image C:\Users\max79\Unity projects\Robot_Fighter_3D\Library\PackageCache\com.unity.visualscripting@1.8.0\Editor\VisualScripting.Core\Dependencies\DotNetZip\Unity.VisualScripting.IonicZip.dll
Symbol file LoadedFromMemory is not a mono symbol file
Symbol file LoadedFromMemory is not a mono symbol file
- Loaded All Assemblies, in 16.838 seconds
Refreshing native plugins compatible for Editor in 52.10 ms, found 5 plugins.
Native extension for UWP target not found
Native extension for WindowsStandalone target not found
Native extension for AppleTV target not found
Native extension for iOS target not found
Native extension for Android target not found
Native extension for OSXStandalone target not found
Native extension for WebGL target not found
Mono: successfully reloaded assembly
- Finished resetting the current domain, in  2.146 seconds
Domain Reload Profiling: 18974ms
	BeginReloadAssembly (282ms)
		ExecutionOrderSort (0ms)
		DisableScriptedObjects (12ms)
		BackupInstance (0ms)
		ReleaseScriptingObjects (0ms)
		CreateAndSetChildDomain (45ms)
	RebuildCommonClasses (80ms)
	RebuildNativeTypeToScriptingClass (22ms)
	initialDomainReloadingComplete (108ms)
	LoadAllAssembliesAndSetupDomain (16335ms)
		LoadAssemblies (15708ms)
		RebuildTransferFunctionScriptingTraits (0ms)
		AnalyzeDomain (762ms)
			TypeCache.Refresh (692ms)
				TypeCache.ScanAssembly (660ms)
			ScanForSourceGeneratedMonoScriptInfo (54ms)
			ResolveRequiredComponents (15ms)
	FinalizeReload (2147ms)
		ReleaseScriptCaches (0ms)
		RebuildScriptCaches (0ms)
		SetupLoadedEditorAssemblies (1757ms)
			LogAssemblyErrors (0ms)
			InitializePlatformSupportModulesInManaged (101ms)
			SetLoadedEditorAssemblies (12ms)
			RefreshPlugins (0ms)
			BeforeProcessingInitializeOnLoad (241ms)
			ProcessInitializeOnLoadAttributes (1085ms)
			ProcessInitializeOnLoadMethodAttributes (308ms)
			AfterProcessingInitializeOnLoad (10ms)
			EditorAssembliesLoaded (0ms)
		ExecutionOrderSort2 (0ms)
		AwakeInstancesAfterBackupRestoration (12ms)
Launched and connected shader compiler UnityShaderCompiler.exe after 0.07 seconds
Refreshing native plugins compatible for Editor in 38.42 ms, found 5 plugins.
Preloading 0 native plugins for Editor in 0.00 ms.
Unloading 4425 Unused Serialized files (Serialized files now loaded: 0)
Unloading 241 unused Assets / (1.6 MB). Loaded Objects now: 4737.
Memory consumption went from 213.7 MB to 212.1 MB.
Total: 13.215100 ms (FindLiveObjects: 0.354000 ms CreateObjectMapping: 0.332700 ms MarkObjects: 11.870000 ms  DeleteObjects: 0.657200 ms)

AssetImportParameters requested are different than current active one (requested -> active):
  custom:container-demuxer-ogg: 62fdf1f143b41e24485cea50d1cbac27 -> 
  custom:video-decoder-ogg-theora: a1e56fd34408186e4bbccfd4996cb3dc -> 
  custom:framework-win-MediaFoundation: 216162199b28c13a410421893ffa2e32 -> 
  custom:container-demuxer-webm: 4f35f7cbe854078d1ac9338744f61a02 -> 
  custom:container-muxer-webm: aa71ff27fc2769a1b78a27578f13a17b -> 
  custom:video-decoder-webm-vp8: 9c59270c3fd7afecdb556c50c9e8de78 -> 
  custom:AudioImporter_EditorPlatform: d09bf68614088b80899f8185d706f6e7 -> 
  custom:video-encoder-webm-vp8: eb34c28f22e8b96e1ab97ce403110664 -> 
  custom:audio-decoder-ogg-vorbis: bf7c407c2cedff20999df2af8eb42d56 -> 
  custom:audio-encoder-webm-vorbis: bf7c407c2cedff20999df2af8eb42d56 -> 
========================================================================
Received Import Request.
  Time since last request: 419704.065011 seconds.
  path: Assets/_Models
  artifactKey: Guid(818dcadc10a32cf4c8e0b6658e568b25) Importer(815301076,1909f56bfc062723c751e8b465ee728b)
Start importing Assets/_Models using Guid(818dcadc10a32cf4c8e0b6658e568b25) Importer(815301076,1909f56bfc062723c751e8b465ee728b)  -> (artifact id: 'e26e12a5f0294ccefe1f500b484ba9fd') in 0.003655 seconds
Number of updated asset objects reloaded before import = 0
Number of asset objects unloaded after import = 0
========================================================================
Received Import Request.
  Time since last request: 0.000041 seconds.
  path: Assets/_Models/Dollar Green.mesh
  artifactKey: Guid(57ad4e4e5fbcd1f4384c951dd8fe44d4) Importer(815301076,1909f56bfc062723c751e8b465ee728b)
Start importing Assets/_Models/Dollar Green.mesh using Guid(57ad4e4e5fbcd1f4384c951dd8fe44d4) Importer(815301076,1909f56bfc062723c751e8b465ee728b)  -> (artifact id: '98907244bea708fb4b961b52ca6eb1e7') in 0.154974 seconds
Number of updated asset objects reloaded before import = 0
Number of asset objects unloaded after import = 2
========================================================================
Received Import Request.
  Time since last request: 0.000037 seconds.
  path: Assets/_Models/Green_Dollar.png
  artifactKey: Guid(f5e3f4f6af177304ba0ed6c1f340f50d) Importer(815301076,1909f56bfc062723c751e8b465ee728b)
Start importing Assets/_Models/Green_Dollar.png using Guid(f5e3f4f6af177304ba0ed6c1f340f50d) Importer(815301076,1909f56bfc062723c751e8b465ee728b)  -> (artifact id: 'd14b3bf0da9e2bb710a5590424225425') in 0.052818 seconds
Number of updated asset objects reloaded before import = 0
Number of asset objects unloaded after import = 2
========================================================================
Received Import Request.
  Time since last request: 149.740873 seconds.
  path: Assets/Editor Default Resources/Firebase/firebase_lockup_dark.png
  artifactKey: Guid(b93330fc8ea08407dbc514b5101afa14) Importer(815301076,1909f56bfc062723c751e8b465ee728b)
Start importing Assets/Editor Default Resources/Firebase/firebase_lockup_dark.png using Guid(b93330fc8ea08407dbc514b5101afa14) Importer(815301076,1909f56bfc062723c751e8b465ee728b)  -> (artifact id: '3ad4380a274d382fed5bafbe8c7ce11c') in 0.030713 seconds
Number of updated asset objects reloaded before import = 0
Number of asset objects unloaded after import = 2
========================================================================
Received Import Request.
  Time since last request: 0.000427 seconds.
  path: Assets/_Scenes/_Effects/Realistic Effects Pack/Materials/Environment/Fire/Fire2/FireSmoke.png
  artifactKey: Guid(fd7f497d2d34d904ab7fe7f5a87bc28b) Importer(815301076,1909f56bfc062723c751e8b465ee728b)
Start importing Assets/_Scenes/_Effects/Realistic Effects Pack/Materials/Environment/Fire/Fire2/FireSmoke.png using Guid(fd7f497d2d34d904ab7fe7f5a87bc28b) Importer(815301076,1909f56bfc062723c751e8b465ee728b)  -> (artifact id: '9a899deca435315fca207ffe92294cc8') in 0.035655 seconds
Number of updated asset objects reloaded before import = 0
Number of asset objects unloaded after import = 2
========================================================================
Received Import Request.
  Time since last request: 0.000022 seconds.
  path: Assets/_Scenes/_Effects/EffectExamples/FireExplosionEffects/Textures/FlameParticleSheet.tif
  artifactKey: Guid(838696ee09635f647b630a61fac71a72) Importer(815301076,1909f56bfc062723c751e8b465ee728b)
Start importing Assets/_Scenes/_Effects/EffectExamples/FireExplosionEffects/Textures/FlameParticleSheet.tif using Guid(838696ee09635f647b630a61fac71a72) Importer(815301076,1909f56bfc062723c751e8b465ee728b)  -> (artifact id: '62b1a5a38dd5c1e9e0b9a43662e3a790') in 0.147067 seconds
Number of updated asset objects reloaded before import = 0
Number of asset objects unloaded after import = 2
========================================================================
Received Import Request.
  Time since last request: 0.000170 seconds.
  path: Assets/PE2D/Standard Assets/Effects/LightFlares/Textures/FlareStar.psd
  artifactKey: Guid(51dc82ef9d11c594d000e7c9e39e7c39) Importer(815301076,1909f56bfc062723c751e8b465ee728b)
Start importing Assets/PE2D/Standard Assets/Effects/LightFlares/Textures/FlareStar.psd using Guid(51dc82ef9d11c594d000e7c9e39e7c39) Importer(815301076,1909f56bfc062723c751e8b465ee728b)  -> (artifact id: '9d4994b6d1891439ea181f570afcfe1a') in 0.038884 seconds
Number of updated asset objects reloaded before import = 0
Number of asset objects unloaded after import = 2
========================================================================
Received Import Request.
  Time since last request: 0.000028 seconds.
  path: Assets/PE2D/Standard Assets/Effects/LightCookies/Textures/FlashlightCookie.tif
  artifactKey: Guid(2c29c08dd1c0b6749b7cd0fcff7a29fd) Importer(815301076,1909f56bfc062723c751e8b465ee728b)
Start importing Assets/PE2D/Standard Assets/Effects/LightCookies/Textures/FlashlightCookie.tif using Guid(2c29c08dd1c0b6749b7cd0fcff7a29fd) Importer(815301076,1909f56bfc062723c751e8b465ee728b)  -> (artifact id: '7a33107560971d3830eae4399495f6d4') in 0.029277 seconds
Number of updated asset objects reloaded before import = 0
Number of asset objects unloaded after import = 2
========================================================================
Received Import Request.
  Time since last request: 0.000026 seconds.
  path: Assets/_Scenes/_Effects/EffectExamples/Shared/Textures/fleshNormals.tif
  artifactKey: Guid(82b123d008de09948adc8d1433889121) Importer(815301076,1909f56bfc062723c751e8b465ee728b)
Start importing Assets/_Scenes/_Effects/EffectExamples/Shared/Textures/fleshNormals.tif using Guid(82b123d008de09948adc8d1433889121) Importer(815301076,1909f56bfc062723c751e8b465ee728b)  -> (artifact id: '4ecf1cf01b7db14c303577794613c5c2') in 0.044307 seconds
Number of updated asset objects reloaded before import = 0
Number of asset objects unloaded after import = 2
========================================================================
Received Import Request.
  Time since last request: 0.000035 seconds.
  path: Assets/Skyboxes/SkyPack-18/Source Images/Sky13/front55.jpg
  artifactKey: Guid(e2221daf0d211bc41ad7b464245344f2) Importer(815301076,1909f56bfc062723c751e8b465ee728b)
Start importing Assets/Skyboxes/SkyPack-18/Source Images/Sky13/front55.jpg using Guid(e2221daf0d211bc41ad7b464245344f2) Importer(815301076,1909f56bfc062723c751e8b465ee728b)  -> (artifact id: 'd66596ae7f8642eda3f8d70a151df36a') in 0.044191 seconds
Number of updated asset objects reloaded before import = 0
Number of asset objects unloaded after import = 2
========================================================================
Received Import Request.
  Time since last request: 0.000030 seconds.
  path: Assets/Skyboxes/SkyPack-18/Source Images/Sky14/front1h.jpg
  artifactKey: Guid(4b0b1a3199bc8d8489e4ef59d6825560) Importer(815301076,1909f56bfc062723c751e8b465ee728b)
Start importing Assets/Skyboxes/SkyPack-18/Source Images/Sky14/front1h.jpg using Guid(4b0b1a3199bc8d8489e4ef59d6825560) Importer(815301076,1909f56bfc062723c751e8b465ee728b)  -> (artifact id: 'cf5e7ba8803263ea4658414564c9d823') in 0.040599 seconds
Number of updated asset objects reloaded before import = 0
Number of asset objects unloaded after import = 2
========================================================================
Received Import Request.
  Time since last request: 0.000041 seconds.
  path: Assets/Skyboxes/SkyPack-18/Source Images/Sky7/frontaw2.jpg
  artifactKey: Guid(a06820051e64e0f459eb95153c7ad32a) Importer(815301076,1909f56bfc062723c751e8b465ee728b)
Start importing Assets/Skyboxes/SkyPack-18/Source Images/Sky7/frontaw2.jpg using Guid(a06820051e64e0f459eb95153c7ad32a) Importer(815301076,1909f56bfc062723c751e8b465ee728b)  -> (artifact id: '2a637707bc109116ad0bf312c41048ef') in 0.029879 seconds
Number of updated asset objects reloaded before import = 0
Number of asset objects unloaded after import = 2
========================================================================
Received Import Request.
  Time since last request: 0.000047 seconds.
  path: Assets/_Scenes/_Effects/Realistic Effects Pack/Materials/Buffs/FireParticlesExplosion/GlowBall.png
  artifactKey: Guid(5b9b9cddd07f6b54db3fd01f3ebb28ca) Importer(815301076,1909f56bfc062723c751e8b465ee728b)
Start importing Assets/_Scenes/_Effects/Realistic Effects Pack/Materials/Buffs/FireParticlesExplosion/GlowBall.png using Guid(5b9b9cddd07f6b54db3fd01f3ebb28ca) Importer(815301076,1909f56bfc062723c751e8b465ee728b)  -> (artifact id: '28235921c71d25f97f62bd12e6e5dac4') in 0.042951 seconds
Number of updated asset objects reloaded before import = 0
Number of asset objects unloaded after import = 2
========================================================================
Received Import Request.
  Time since last request: 0.000035 seconds.
  path: Assets/_Prefabs/Enemies/Enemy Characters/Civilians/Girl/Girl_01a.jpg
  artifactKey: Guid(798be49be29fbcc4e90c91a91010df68) Importer(815301076,1909f56bfc062723c751e8b465ee728b)
Start importing Assets/_Prefabs/Enemies/Enemy Characters/Civilians/Girl/Girl_01a.jpg using Guid(798be49be29fbcc4e90c91a91010df68) Importer(815301076,1909f56bfc062723c751e8b465ee728b)  -> (artifact id: '62e7d936f1b526a9dcbc39357efc372a') in 0.047680 seconds
Number of updated asset objects reloaded before import = 0
Number of asset objects unloaded after import = 2
========================================================================
Received Import Request.
  Time since last request: 0.000720 seconds.
  path: Assets/Skyboxes/SkyPack-18/Source Images/Sky11/frontav9.jpg
  artifactKey: Guid(6b2399dbe8a54b142b6cd95ff92875c7) Importer(815301076,1909f56bfc062723c751e8b465ee728b)
Start importing Assets/Skyboxes/SkyPack-18/Source Images/Sky11/frontav9.jpg using Guid(6b2399dbe8a54b142b6cd95ff92875c7) Importer(815301076,1909f56bfc062723c751e8b465ee728b)  -> (artifact id: 'a4fc03de34f37e92a1860efe48b7bdd9') in 0.057060 seconds
Number of updated asset objects reloaded before import = 0
Number of asset objects unloaded after import = 2
========================================================================
Received Import Request.
  Time since last request: 0.000025 seconds.
  path: Assets/Skyboxes/ely_hills/hills_ft.tga
  artifactKey: Guid(8f379d04d3760ae48ac0e0b67484e236) Importer(815301076,1909f56bfc062723c751e8b465ee728b)
Start importing Assets/Skyboxes/ely_hills/hills_ft.tga using Guid(8f379d04d3760ae48ac0e0b67484e236) Importer(815301076,1909f56bfc062723c751e8b465ee728b)  -> (artifact id: 'ee2697854c04147978e49c3334364a77') in 0.038454 seconds
Number of updated asset objects reloaded before import = 0
Number of asset objects unloaded after import = 2
========================================================================
Received Import Request.
  Time since last request: 0.000035 seconds.
  path: Assets/_Scenes/_Effects/Realistic Effects Pack/Materials/Projectiles/FrostMeteor1/IceBall12.png
  artifactKey: Guid(cea545e117baa59488b577e3d346fc70) Importer(815301076,1909f56bfc062723c751e8b465ee728b)
Start importing Assets/_Scenes/_Effects/Realistic Effects Pack/Materials/Projectiles/FrostMeteor1/IceBall12.png using Guid(cea545e117baa59488b577e3d346fc70) Importer(815301076,1909f56bfc062723c751e8b465ee728b)  -> (artifact id: '9c0027185924b0088e379d48ba635010') in 0.032047 seconds
Number of updated asset objects reloaded before import = 0
Number of asset objects unloaded after import = 2
========================================================================
Received Import Request.
  Time since last request: 0.000745 seconds.
  path: Assets/_Scenes/_Effects/Realistic Effects Pack/Materials/Buffs/FrostShield/IceCollision.png
  artifactKey: Guid(4659e007eb2ae2042b190b8a261015f3) Importer(815301076,1909f56bfc062723c751e8b465ee728b)
Start importing Assets/_Scenes/_Effects/Realistic Effects Pack/Materials/Buffs/FrostShield/IceCollision.png using Guid(4659e007eb2ae2042b190b8a261015f3) Importer(815301076,1909f56bfc062723c751e8b465ee728b)  -> (artifact id: '8feaef61cbe58b3554487e647486945f') in 0.134405 seconds
Number of updated asset objects reloaded before import = 0
Number of asset objects unloaded after import = 2
========================================================================
Received Import Request.
  Time since last request: 0.000029 seconds.
  path: Assets/_Scenes/_Effects/EffectExamples/WaterEffects/Textures/ImpactSplashParticle.tif
  artifactKey: Guid(a4948475d3e9a794cad36c380b171ea7) Importer(815301076,1909f56bfc062723c751e8b465ee728b)
Start importing Assets/_Scenes/_Effects/EffectExamples/WaterEffects/Textures/ImpactSplashParticle.tif using Guid(a4948475d3e9a794cad36c380b171ea7) Importer(815301076,1909f56bfc062723c751e8b465ee728b)  -> (artifact id: '5d4efc1c375fb43ed19f658b6019bb0d') in 0.031594 seconds
Number of updated asset objects reloaded before import = 0
Number of asset objects unloaded after import = 2
========================================================================
Received Import Request.
  Time since last request: 0.000048 seconds.
  path: Assets/_Scenes/_Effects/Realistic Effects Pack/Materials/Projectiles/FrostMeteor1/IceExplosion12.png
  artifactKey: Guid(942ead8013672ac429e064702607c590) Importer(815301076,1909f56bfc062723c751e8b465ee728b)
Start importing Assets/_Scenes/_Effects/Realistic Effects Pack/Materials/Projectiles/FrostMeteor1/IceExplosion12.png using Guid(942ead8013672ac429e064702607c590) Importer(815301076,1909f56bfc062723c751e8b465ee728b)  -> (artifact id: 'f7447c662bab28aa13e53584f6e38be3') in 0.038631 seconds
Number of updated asset objects reloaded before import = 0
Number of asset objects unloaded after import = 2
========================================================================
Received Import Request.
  Time since last request: 0.000045 seconds.
  path: Assets/Skyboxes/SkyPack-18/Source Images/Sky9/frontsnow1.jpg
  artifactKey: Guid(c48d30fce7d911b4dae1cf339be5b41f) Importer(815301076,1909f56bfc062723c751e8b465ee728b)
Start importing Assets/Skyboxes/SkyPack-18/Source Images/Sky9/frontsnow1.jpg using Guid(c48d30fce7d911b4dae1cf339be5b41f) Importer(815301076,1909f56bfc062723c751e8b465ee728b)  -> (artifact id: 'f080d0d45b80990b4760cbb299245937') in 0.045492 seconds
Number of updated asset objects reloaded before import = 0
Number of asset objects unloaded after import = 2
========================================================================
Received Import Request.
  Time since last request: 0.000045 seconds.
  path: Assets/_Scenes/_Effects/EffectExamples/Shared/Fonts/Roboto-Thin.ttf
  artifactKey: Guid(cd25d80d03a864fdd90534b28f15208a) Importer(815301076,1909f56bfc062723c751e8b465ee728b)
Start importing Assets/_Scenes/_Effects/EffectExamples/Shared/Fonts/Roboto-Thin.ttf using Guid(cd25d80d03a864fdd90534b28f15208a) Importer(815301076,1909f56bfc062723c751e8b465ee728b)  -> (artifact id: '5262c1e8e36592b178d3f82510ee85ed') in 0.082208 seconds
Number of updated asset objects reloaded before import = 0
Number of asset objects unloaded after import = 4
========================================================================
Received Import Request.
  Time since last request: 0.000046 seconds.
  path: Assets/PE2D/Standard Assets/Effects/LightCookies/Textures/FlashlightIrregularCookie.tif
  artifactKey: Guid(641bb2dce818a8a499b537a1963889ac) Importer(815301076,1909f56bfc062723c751e8b465ee728b)
Start importing Assets/PE2D/Standard Assets/Effects/LightCookies/Textures/FlashlightIrregularCookie.tif using Guid(641bb2dce818a8a499b537a1963889ac) Importer(815301076,1909f56bfc062723c751e8b465ee728b)  -> (artifact id: '7d7c70a21fc666489308787a614159e8') in 0.033193 seconds
Number of updated asset objects reloaded before import = 0
Number of asset objects unloaded after import = 2
========================================================================
Received Import Request.
  Time since last request: 0.000025 seconds.
  path: Assets/_Scenes/_Effects/Realistic Effects Pack/Materials/Environment/Fire/Fire2/FireGlowTwoColor.png
  artifactKey: Guid(5b885cf87c456d5478e2a44e8f4b8adc) Importer(815301076,1909f56bfc062723c751e8b465ee728b)
Start importing Assets/_Scenes/_Effects/Realistic Effects Pack/Materials/Environment/Fire/Fire2/FireGlowTwoColor.png using Guid(5b885cf87c456d5478e2a44e8f4b8adc) Importer(815301076,1909f56bfc062723c751e8b465ee728b)  -> (artifact id: 'e6ec5e2a982dacc799cbfb399d311960') in 0.043772 seconds
Number of updated asset objects reloaded before import = 0
Number of asset objects unloaded after import = 2
========================================================================
Received Import Request.
  Time since last request: 0.000027 seconds.
  path: Assets/Skyboxes/SkyPack-18/Source Images/Sky18/frontred2.jpg
  artifactKey: Guid(1c4459ef1599bfd4cbb1009f6a72d81e) Importer(815301076,1909f56bfc062723c751e8b465ee728b)
Start importing Assets/Skyboxes/SkyPack-18/Source Images/Sky18/frontred2.jpg using Guid(1c4459ef1599bfd4cbb1009f6a72d81e) Importer(815301076,1909f56bfc062723c751e8b465ee728b)  -> (artifact id: 'c80fbd0b021a5626d0c20b1339ba631e') in 0.036287 seconds
Number of updated asset objects reloaded before import = 0
Number of asset objects unloaded after import = 2
========================================================================
Received Import Request.
  Time since last request: 1.022404 seconds.
  path: Assets/Skyboxes/Free Skybox/skybox_left.jpg
  artifactKey: Guid(73ed8e0a99348fa449636dd6f5381d2e) Importer(815301076,1909f56bfc062723c751e8b465ee728b)
Start importing Assets/Skyboxes/Free Skybox/skybox_left.jpg using Guid(73ed8e0a99348fa449636dd6f5381d2e) Importer(815301076,1909f56bfc062723c751e8b465ee728b)  -> (artifact id: 'd7cf9b6b00831c33a63d93620c384941') in 0.026583 seconds
Number of updated asset objects reloaded before import = 0
Number of asset objects unloaded after import = 2
========================================================================
Received Import Request.
  Time since last request: 0.000035 seconds.
  path: Assets/Skyboxes/SkyPack-18/Source Images/Sky1/sleft37.jpg
  artifactKey: Guid(eefcdd798cf940b47b96e29d64c028b2) Importer(815301076,1909f56bfc062723c751e8b465ee728b)
Start importing Assets/Skyboxes/SkyPack-18/Source Images/Sky1/sleft37.jpg using Guid(eefcdd798cf940b47b96e29d64c028b2) Importer(815301076,1909f56bfc062723c751e8b465ee728b)  -> (artifact id: 'c056a93b8966d4312816d2abb2c2b27b') in 0.020665 seconds
Number of updated asset objects reloaded before import = 0
Number of asset objects unloaded after import = 2
========================================================================
Received Import Request.
  Time since last request: 0.000040 seconds.
  path: Assets/_Scenes/_Effects/Realistic Effects Pack/Materials/Projectiles/FireMeteor2/Smoke.png
  artifactKey: Guid(14bdec43ac85ea6419bf4dd737314dad) Importer(815301076,1909f56bfc062723c751e8b465ee728b)
Start importing Assets/_Scenes/_Effects/Realistic Effects Pack/Materials/Projectiles/FireMeteor2/Smoke.png using Guid(14bdec43ac85ea6419bf4dd737314dad) Importer(815301076,1909f56bfc062723c751e8b465ee728b)  -> (artifact id: '317d66ef68dbdd4335e6fdc9b5e7ad8c') in 0.020026 seconds
Number of updated asset objects reloaded before import = 0
Number of asset objects unloaded after import = 2
========================================================================
Received Import Request.
  Time since last request: 0.000028 seconds.
  path: Assets/_Scenes/_Effects/Realistic Effects Pack/Materials/Projectiles/PurpleFireball1/SmokeBall11.png
  artifactKey: Guid(5f5c030e56550944a8940b29479b59f1) Importer(815301076,1909f56bfc062723c751e8b465ee728b)
Start importing Assets/_Scenes/_Effects/Realistic Effects Pack/Materials/Projectiles/PurpleFireball1/SmokeBall11.png using Guid(5f5c030e56550944a8940b29479b59f1) Importer(815301076,1909f56bfc062723c751e8b465ee728b)  -> (artifact id: '92aadd18fd80286d9678d84350bee930') in 0.023300 seconds
Number of updated asset objects reloaded before import = 0
Number of asset objects unloaded after import = 2
========================================================================
Received Import Request.
  Time since last request: 0.039536 seconds.
  path: Assets/_Scenes/_Effects/Realistic Effects Pack/Materials/Share/smoketex.jpg
  artifactKey: Guid(be59394794691bb418b5668d574d8046) Importer(815301076,1909f56bfc062723c751e8b465ee728b)
Start importing Assets/_Scenes/_Effects/Realistic Effects Pack/Materials/Share/smoketex.jpg using Guid(be59394794691bb418b5668d574d8046) Importer(815301076,1909f56bfc062723c751e8b465ee728b)  -> (artifact id: '021c243e68a4098f81a4f08f5ee03264') in 0.029510 seconds
Number of updated asset objects reloaded before import = 0
Number of asset objects unloaded after import = 2
========================================================================
Received Import Request.
  Time since last request: 0.000039 seconds.
  path: Assets/_Scenes/_Effects/Realistic Effects Pack/Materials/Share/SmokeTileCutOut.png
  artifactKey: Guid(b667237b8dfe1ad4d83055bebe0b42e5) Importer(815301076,1909f56bfc062723c751e8b465ee728b)
Start importing Assets/_Scenes/_Effects/Realistic Effects Pack/Materials/Share/SmokeTileCutOut.png using Guid(b667237b8dfe1ad4d83055bebe0b42e5) Importer(815301076,1909f56bfc062723c751e8b465ee728b)  -> (artifact id: '4f468de2ac6ee871c8622fe428dd34aa') in 0.022508 seconds
Number of updated asset objects reloaded before import = 0
Number of asset objects unloaded after import = 2
========================================================================
Received Import Request.
  Time since last request: 0.000034 seconds.
  path: Assets/_Scenes/_Effects/Realistic Effects Pack/Materials/Projectiles/FireMeteor1/SmokeBall13.png
  artifactKey: Guid(190b26a5e6b318642a2728f33d97fa6c) Importer(815301076,1909f56bfc062723c751e8b465ee728b)
Start importing Assets/_Scenes/_Effects/Realistic Effects Pack/Materials/Projectiles/FireMeteor1/SmokeBall13.png using Guid(190b26a5e6b318642a2728f33d97fa6c) Importer(815301076,1909f56bfc062723c751e8b465ee728b)  -> (artifact id: '19988c57c8c7ace9a1a2604ba9f60371') in 0.027624 seconds
Number of updated asset objects reloaded before import = 0
Number of asset objects unloaded after import = 2
========================================================================
Received Import Request.
  Time since last request: 0.000044 seconds.
  path: Assets/_Scenes/_Effects/Realistic Effects Pack/Materials/Share/SmokeTileCutOut3.png
  artifactKey: Guid(1d62f518f1473c448b30f4b038491910) Importer(815301076,1909f56bfc062723c751e8b465ee728b)
Start importing Assets/_Scenes/_Effects/Realistic Effects Pack/Materials/Share/SmokeTileCutOut3.png using Guid(1d62f518f1473c448b30f4b038491910) Importer(815301076,1909f56bfc062723c751e8b465ee728b)  -> (artifact id: '107b84507588b7acc386ea992d9f73ff') in 0.024231 seconds
Number of updated asset objects reloaded before import = 0
Number of asset objects unloaded after import = 2
========================================================================
Received Import Request.
  Time since last request: 0.000032 seconds.
  path: Assets/_Scenes/_Effects/EffectExamples/FireExplosionEffects/Textures/SmokePuffParticleSheet.png
  artifactKey: Guid(d3c9883e2f0eef44f9241b6f8428f9fc) Importer(815301076,1909f56bfc062723c751e8b465ee728b)
Start importing Assets/_Scenes/_Effects/EffectExamples/FireExplosionEffects/Textures/SmokePuffParticleSheet.png using Guid(d3c9883e2f0eef44f9241b6f8428f9fc) Importer(815301076,1909f56bfc062723c751e8b465ee728b)  -> (artifact id: '16f8e36b7d33a131e9990f90a815b9ac') in 0.094375 seconds
Number of updated asset objects reloaded before import = 0
Number of asset objects unloaded after import = 2
========================================================================
Received Import Request.
  Time since last request: 0.000036 seconds.
  path: Assets/Skyboxes/Sunny1/Sunny1_front.tif
  artifactKey: Guid(2372dd1814cb4ed47a91f8174877623e) Importer(815301076,1909f56bfc062723c751e8b465ee728b)
Start importing Assets/Skyboxes/Sunny1/Sunny1_front.tif using Guid(2372dd1814cb4ed47a91f8174877623e) Importer(815301076,1909f56bfc062723c751e8b465ee728b)  -> (artifact id: 'dde8942bead1a40aa7c9a86494eea9e0') in 0.021671 seconds
Number of updated asset objects reloaded before import = 0
Number of asset objects unloaded after import = 2
========================================================================
Received Import Request.
  Time since last request: 0.000069 seconds.
  path: Assets/_Scenes/_Effects/EffectExamples/WeaponEffects/Textures/StreamNormals.tif
  artifactKey: Guid(dbf5fd5c04eedf2418e86c377cf5b95b) Importer(815301076,1909f56bfc062723c751e8b465ee728b)
Start importing Assets/_Scenes/_Effects/EffectExamples/WeaponEffects/Textures/StreamNormals.tif using Guid(dbf5fd5c04eedf2418e86c377cf5b95b) Importer(815301076,1909f56bfc062723c751e8b465ee728b)  -> (artifact id: 'faec75680b0925ffe1379c6f44938354') in 0.031020 seconds
Number of updated asset objects reloaded before import = 0
Number of asset objects unloaded after import = 2
========================================================================
Received Import Request.
  Time since last request: 0.000022 seconds.
  path: Assets/Skyboxes/Sunny3/Sunny3_up.tif
  artifactKey: Guid(05f6c978afe090d4d8f0af42a61bbe7f) Importer(815301076,1909f56bfc062723c751e8b465ee728b)
Start importing Assets/Skyboxes/Sunny3/Sunny3_up.tif using Guid(05f6c978afe090d4d8f0af42a61bbe7f) Importer(815301076,1909f56bfc062723c751e8b465ee728b)  -> (artifact id: 'f25a712ab9949daa21d4d577205c4ea0') in 0.022812 seconds
Number of updated asset objects reloaded before import = 0
Number of asset objects unloaded after import = 2
========================================================================
Received Import Request.
  Time since last request: 0.000032 seconds.
  path: Assets/_Scenes/_Effects/Realistic Effects Pack/Materials/Share/Particles/TeleportParticles.png
  artifactKey: Guid(0c9e71fbd7050e94fbea1122f047ca26) Importer(815301076,1909f56bfc062723c751e8b465ee728b)
Start importing Assets/_Scenes/_Effects/Realistic Effects Pack/Materials/Share/Particles/TeleportParticles.png using Guid(0c9e71fbd7050e94fbea1122f047ca26) Importer(815301076,1909f56bfc062723c751e8b465ee728b)  -> (artifact id: 'd83f52d657a1b58d0168d08182d2c5a6') in 0.024993 seconds
Number of updated asset objects reloaded before import = 0
Number of asset objects unloaded after import = 2
========================================================================
Received Import Request.
  Time since last request: 0.000024 seconds.
  path: Assets/Skyboxes/SkyPack-18/Source Images/Sky15/topsa3.jpg
  artifactKey: Guid(5a9415222b5aba04ba801563a73a60f2) Importer(815301076,1909f56bfc062723c751e8b465ee728b)
Start importing Assets/Skyboxes/SkyPack-18/Source Images/Sky15/topsa3.jpg using Guid(5a9415222b5aba04ba801563a73a60f2) Importer(815301076,1909f56bfc062723c751e8b465ee728b)  -> (artifact id: 'e3da804073acb05cb0b3aba48832d97f') in 0.028810 seconds
Number of updated asset objects reloaded before import = 0
Number of asset objects unloaded after import = 2
========================================================================
Received Import Request.
  Time since last request: 0.000025 seconds.
  path: Assets/_Scenes/_Effects/EffectExamples/WeaponEffects/Textures/TinyStonesNormalsSheet.tif
  artifactKey: Guid(a00b2df6dc199854ba60af0c001a51b2) Importer(815301076,1909f56bfc062723c751e8b465ee728b)
Start importing Assets/_Scenes/_Effects/EffectExamples/WeaponEffects/Textures/TinyStonesNormalsSheet.tif using Guid(a00b2df6dc199854ba60af0c001a51b2) Importer(815301076,1909f56bfc062723c751e8b465ee728b)  -> (artifact id: '3993a4dbf922acf358c24ef6a3b7be32') in 0.024437 seconds
Number of updated asset objects reloaded before import = 0
Number of asset objects unloaded after import = 2
========================================================================
Received Import Request.
  Time since last request: 0.000023 seconds.
  path: Assets/_Scenes/_Effects/EffectExamples/FireExplosionEffects/Textures/SmokePuff02ParticleSheet.tif
  artifactKey: Guid(26e206bd730800f4f82b828eb9f1c067) Importer(815301076,1909f56bfc062723c751e8b465ee728b)
Start importing Assets/_Scenes/_Effects/EffectExamples/FireExplosionEffects/Textures/SmokePuff02ParticleSheet.tif using Guid(26e206bd730800f4f82b828eb9f1c067) Importer(815301076,1909f56bfc062723c751e8b465ee728b)  -> (artifact id: '4cc4ad8b36571cac76ee48c8c11d2d2e') in 0.103057 seconds
Number of updated asset objects reloaded before import = 0
Number of asset objects unloaded after import = 2
========================================================================
Received Import Request.
  Time since last request: 0.049491 seconds.
  path: Assets/_Scenes/_Effects/EffectExamples/WeaponEffects/Textures/woodSplintersNormals.tif
  artifactKey: Guid(937ed87ab83404042bb43da3180148b7) Importer(815301076,1909f56bfc062723c751e8b465ee728b)
Start importing Assets/_Scenes/_Effects/EffectExamples/WeaponEffects/Textures/woodSplintersNormals.tif using Guid(937ed87ab83404042bb43da3180148b7) Importer(815301076,1909f56bfc062723c751e8b465ee728b)  -> (artifact id: 'ad7f3d9e144a81bedcce2953e40b8ade') in 0.043918 seconds
Number of updated asset objects reloaded before import = 0
Number of asset objects unloaded after import = 2
========================================================================
Received Import Request.
  Time since last request: 0.000027 seconds.
  path: Assets/_Scenes/_Effects/EffectExamples/WeaponEffects/Textures/woodSplintersAlbedo.tif
  artifactKey: Guid(477c430b429f1a24282dab34a73b4cca) Importer(815301076,1909f56bfc062723c751e8b465ee728b)
Start importing Assets/_Scenes/_Effects/EffectExamples/WeaponEffects/Textures/woodSplintersAlbedo.tif using Guid(477c430b429f1a24282dab34a73b4cca) Importer(815301076,1909f56bfc062723c751e8b465ee728b)  -> (artifact id: '8e82fc9e62e84892f6baf974848fea65') in 0.039424 seconds
Number of updated asset objects reloaded before import = 0
Number of asset objects unloaded after import = 2
========================================================================
Received Import Request.
  Time since last request: 0.000023 seconds.
  path: Assets/_Scenes/_Effects/EffectExamples/WeaponEffects/Textures/WoodBulletHoleNormals.tif
  artifactKey: Guid(dc7c338db44c68b41aebbac57c5c28b8) Importer(815301076,1909f56bfc062723c751e8b465ee728b)
Start importing Assets/_Scenes/_Effects/EffectExamples/WeaponEffects/Textures/WoodBulletHoleNormals.tif using Guid(dc7c338db44c68b41aebbac57c5c28b8) Importer(815301076,1909f56bfc062723c751e8b465ee728b)  -> (artifact id: 'ce1a879c53cae09472d6614bdbb3add3') in 0.024388 seconds
Number of updated asset objects reloaded before import = 0
Number of asset objects unloaded after import = 2
========================================================================
Received Import Request.
  Time since last request: 0.000028 seconds.
  path: Assets/_Scenes/_Effects/Realistic Effects Pack/Materials/Buffs/GreenPortal/SmokeTile.png
  artifactKey: Guid(042485894f64d1e4e9752d756dc0fac0) Importer(815301076,1909f56bfc062723c751e8b465ee728b)
Start importing Assets/_Scenes/_Effects/Realistic Effects Pack/Materials/Buffs/GreenPortal/SmokeTile.png using Guid(042485894f64d1e4e9752d756dc0fac0) Importer(815301076,1909f56bfc062723c751e8b465ee728b)  -> (artifact id: '2b6f9f3341554be07e99c98369b5ebb1') in 0.040289 seconds
Number of updated asset objects reloaded before import = 0
Number of asset objects unloaded after import = 2
========================================================================
Received Import Request.
  Time since last request: 0.000032 seconds.
  path: Assets/Skyboxes/Sunny3/Sunny3_down.tif
  artifactKey: Guid(e3e214f8620f35a4cb4e415a4b8c19cf) Importer(815301076,1909f56bfc062723c751e8b465ee728b)
Start importing Assets/Skyboxes/Sunny3/Sunny3_down.tif using Guid(e3e214f8620f35a4cb4e415a4b8c19cf) Importer(815301076,1909f56bfc062723c751e8b465ee728b)  -> (artifact id: '748ca97c45bfb341587f8b753264a5ce') in 0.024073 seconds
Number of updated asset objects reloaded before import = 0
Number of asset objects unloaded after import = 2
========================================================================
Received Import Request.
  Time since last request: 0.000072 seconds.
  path: Assets/Skyboxes/Sunny1/Sunny1_left.tif
  artifactKey: Guid(66ebe4da1ef67e64e8aeccb820e409d6) Importer(815301076,1909f56bfc062723c751e8b465ee728b)
Start importing Assets/Skyboxes/Sunny1/Sunny1_left.tif using Guid(66ebe4da1ef67e64e8aeccb820e409d6) Importer(815301076,1909f56bfc062723c751e8b465ee728b)  -> (artifact id: 'd3d132f7a89e35fe258f0576ab8d30f3') in 0.032625 seconds
Number of updated asset objects reloaded before import = 0
Number of asset objects unloaded after import = 2
========================================================================
Received Import Request.
  Time since last request: 0.000027 seconds.
  path: Assets/Skyboxes/Sunny3/Sunny3_front.tif
  artifactKey: Guid(a6c23ad66d37f0e4c8c86d7c5293ac7c) Importer(815301076,1909f56bfc062723c751e8b465ee728b)
Start importing Assets/Skyboxes/Sunny3/Sunny3_front.tif using Guid(a6c23ad66d37f0e4c8c86d7c5293ac7c) Importer(815301076,1909f56bfc062723c751e8b465ee728b)  -> (artifact id: '506ee8962c97928c353b483291e5809b') in 0.027416 seconds
Number of updated asset objects reloaded before import = 0
Number of asset objects unloaded after import = 2
========================================================================
Received Import Request.
  Time since last request: 0.000024 seconds.
  path: Assets/_Scenes/_Effects/Realistic Effects Pack/Materials/Share/SmokeTile.png
  artifactKey: Guid(e4cc47f9865824c4e86668ccb1db0c80) Importer(815301076,1909f56bfc062723c751e8b465ee728b)
Start importing Assets/_Scenes/_Effects/Realistic Effects Pack/Materials/Share/SmokeTile.png using Guid(e4cc47f9865824c4e86668ccb1db0c80) Importer(815301076,1909f56bfc062723c751e8b465ee728b)  -> (artifact id: '6c0fd75ef874e752377faf321026dac9') in 0.021432 seconds
Number of updated asset objects reloaded before import = 0
Number of asset objects unloaded after import = 2
========================================================================
Received Import Request.
  Time since last request: 674.172950 seconds.
  path: Assets/_Prefabs/players/dosh (1).prefab
  artifactKey: Guid(4f205ab0cdc9ff345863ed4a12cf1235) Importer(815301076,1909f56bfc062723c751e8b465ee728b)
Start importing Assets/_Prefabs/players/dosh (1).prefab using Guid(4f205ab0cdc9ff345863ed4a12cf1235) Importer(815301076,1909f56bfc062723c751e8b465ee728b)  -> (artifact id: 'a55b19f383ecc91f70e5fcbd7f550342') in 0.479513 seconds
Internal: There are remaining Allocations on the JobTempAlloc. This is a leak, and will impact performance
To Debug, run app with -diag-job-temp-memory-leak-validation cmd line argument. This will output the callstacks of the leaked allocations.
Number of updated asset objects reloaded before import = 0
Number of asset objects unloaded after import = 467
========================================================================
Received Prepare
Begin MonoManager ReloadAssembly
Symbol file LoadedFromMemory doesn't match image C:\Users\max79\Unity projects\Robot_Fighter_3D\Library\PackageCache\com.unity.visualscripting@1.8.0\Editor\VisualScripting.Core\Dependencies\YamlDotNet\Unity.VisualScripting.YamlDotNet.dll
Symbol file LoadedFromMemory is not a mono symbol file
Symbol file LoadedFromMemory is not a mono symbol file
Symbol file LoadedFromMemory is not a mono symbol file
Symbol file LoadedFromMemory doesn't match image C:\Users\max79\Unity projects\Robot_Fighter_3D\Library\PackageCache\com.unity.visualscripting@1.8.0\Editor\VisualScripting.Core\Dependencies\DotNetZip\Unity.VisualScripting.IonicZip.dll
Symbol file LoadedFromMemory is not a mono symbol file
Symbol file LoadedFromMemory is not a mono symbol file
- Loaded All Assemblies, in  1.949 seconds
Refreshing native plugins compatible for Editor in 46.30 ms, found 5 plugins.
Native extension for UWP target not found
Native extension for WindowsStandalone target not found
Native extension for AppleTV target not found
Native extension for iOS target not found
Native extension for Android target not found
Native extension for OSXStandalone target not found
Native extension for WebGL target not found
Mono: successfully reloaded assembly
- Finished resetting the current domain, in  2.368 seconds
Domain Reload Profiling: 4306ms
	BeginReloadAssembly (330ms)
		ExecutionOrderSort (0ms)
		DisableScriptedObjects (12ms)
		BackupInstance (0ms)
		ReleaseScriptingObjects (0ms)
		CreateAndSetChildDomain (83ms)
	RebuildCommonClasses (97ms)
	RebuildNativeTypeToScriptingClass (46ms)
	initialDomainReloadingComplete (121ms)
	LoadAllAssembliesAndSetupDomain (1345ms)
		LoadAssemblies (836ms)
		RebuildTransferFunctionScriptingTraits (0ms)
		AnalyzeDomain (670ms)
			TypeCache.Refresh (644ms)
				TypeCache.ScanAssembly (614ms)
			ScanForSourceGeneratedMonoScriptInfo (4ms)
			ResolveRequiredComponents (21ms)
	FinalizeReload (2369ms)
		ReleaseScriptCaches (0ms)
		RebuildScriptCaches (0ms)
		SetupLoadedEditorAssemblies (1397ms)
			LogAssemblyErrors (0ms)
			InitializePlatformSupportModulesInManaged (81ms)
			SetLoadedEditorAssemblies (14ms)
			RefreshPlugins (0ms)
			BeforeProcessingInitializeOnLoad (230ms)
			ProcessInitializeOnLoadAttributes (785ms)
			ProcessInitializeOnLoadMethodAttributes (275ms)
			AfterProcessingInitializeOnLoad (11ms)
			EditorAssembliesLoaded (1ms)
		ExecutionOrderSort2 (0ms)
		AwakeInstancesAfterBackupRestoration (11ms)
Refreshing native plugins compatible for Editor in 34.41 ms, found 5 plugins.
Preloading 0 native plugins for Editor in 0.00 ms.
Unloading 4280 Unused Serialized files (Serialized files now loaded: 0)
Unloading 248 unused Assets / (1.6 MB). Loaded Objects now: 4796.
Memory consumption went from 179.0 MB to 177.4 MB.
Total: 8.701400 ms (FindLiveObjects: 0.405500 ms CreateObjectMapping: 0.374000 ms MarkObjects: 7.265200 ms  DeleteObjects: 0.655600 ms)

Prepare: number of updated asset objects reloaded= 0
AssetImportParameters requested are different than current active one (requested -> active):
  custom:container-demuxer-ogg: 62fdf1f143b41e24485cea50d1cbac27 -> 
  custom:video-decoder-ogg-theora: a1e56fd34408186e4bbccfd4996cb3dc -> 
  custom:framework-win-MediaFoundation: 216162199b28c13a410421893ffa2e32 -> 
  custom:container-demuxer-webm: 4f35f7cbe854078d1ac9338744f61a02 -> 
  custom:container-muxer-webm: aa71ff27fc2769a1b78a27578f13a17b -> 
  custom:video-decoder-webm-vp8: 9c59270c3fd7afecdb556c50c9e8de78 -> 
  custom:AudioImporter_EditorPlatform: d09bf68614088b80899f8185d706f6e7 -> 
  custom:video-encoder-webm-vp8: eb34c28f22e8b96e1ab97ce403110664 -> 
  custom:audio-decoder-ogg-vorbis: bf7c407c2cedff20999df2af8eb42d56 -> 
  custom:audio-encoder-webm-vorbis: bf7c407c2cedff20999df2af8eb42d56 -> 
========================================================================
Received Import Request.
  Time since last request: 369.451357 seconds.
  path: Assets/_Prefabs/Ninja Assasin.prefab
  artifactKey: Guid(bb24dfc8998ab3e4b9719df7abe0b52b) Importer(815301076,1909f56bfc062723c751e8b465ee728b)
Start importing Assets/_Prefabs/Ninja Assasin.prefab using Guid(bb24dfc8998ab3e4b9719df7abe0b52b) Importer(815301076,1909f56bfc062723c751e8b465ee728b)  -> (artifact id: '47a4486e0d8f3407129c75980cbd7c91') in 0.260617 seconds
Internal: There are remaining Allocations on the JobTempAlloc. This is a leak, and will impact performance
To Debug, run app with -diag-job-temp-memory-leak-validation cmd line argument. This will output the callstacks of the leaked allocations.
Number of updated asset objects reloaded before import = 0
Number of asset objects unloaded after import = 368
========================================================================
Received Import Request.
  Time since last request: 0.000026 seconds.
  path: Assets/_Prefabs/Vampire Hunter.prefab
  artifactKey: Guid(de7982ee54df7614b82270f6d0d8ca9e) Importer(815301076,1909f56bfc062723c751e8b465ee728b)
Start importing Assets/_Prefabs/Vampire Hunter.prefab using Guid(de7982ee54df7614b82270f6d0d8ca9e) Importer(815301076,1909f56bfc062723c751e8b465ee728b)  -> (artifact id: '65c8a227696a8dc827158abd03d496cb') in 0.097842 seconds
Internal: There are remaining Allocations on the JobTempAlloc. This is a leak, and will impact performance
To Debug, run app with -diag-job-temp-memory-leak-validation cmd line argument. This will output the callstacks of the leaked allocations.
Number of updated asset objects reloaded before import = 0
Number of asset objects unloaded after import = 368
